==== 警告 ==== 揣無 "㴙" 的發音！ (18)
==== 警告 ==== 揣無 "㷮" 的發音！ (21)
==== 警告 ==== 揣無 "䈄" 的發音！ (37)
==== 警告 ==== 揣無 "䘥" 的發音！ (41)
==== 警告 ==== 揣無 "䢢" 的發音！ (45)
==== 警告 ==== 揣無 "䲅" 的發音！ (48)
==== 警告 ==== 揣無 "一夜情" 的發音！ (77)
==== 警告 ==== 揣無 "一大堆" 的發音！ (78)
==== 警告 ==== 揣無 "上台" 的發音！ (217)
==== 警告 ==== 揣無 "上櫃" 的發音！ (237)
==== 警告 ==== 揣無 "上車" 的發音！ (253)
==== 警告 ==== 揣無 "下台" 的發音！ (263)
==== 警告 ==== 揣無 "下載" 的發音！ (290)
==== 警告 ==== 揣無 "中南海" 的發音！ (380)
==== 警告 ==== 揣無 "中南美" 的發音！ (381)
==== 警告 ==== 揣無 "中研院" 的發音！ (410)
==== 警告 ==== 揣無 "主機板" 的發音！ (460)
==== 警告 ==== 揣無 "之中" 的發音！ (492)
==== 警告 ==== 揣無 "之間" 的發音！ (494)
==== 警告 ==== 揣無 "亂象" 的發音！ (538)
==== 警告 ==== 揣無 "五星級" 的發音！ (598)
==== 警告 ==== 揣無 "亞太" 的發音！ (613)
==== 警告 ==== 揣無 "亞洲" 的發音！ (614)
==== 警告 ==== 揣無 "人事局" 的發音！ (677)
==== 警告 ==== 揣無 "介面" 的發音！ (759)
==== 警告 ==== 揣無 "份子" 的發音！ (833)
==== 警告 ==== 揣無 "企管" 的發音！ (841)
==== 警告 ==== 揣無 "休館" 的發音！ (850)
==== 警告 ==== 揣無 "佈局" 的發音！ (888)
==== 警告 ==== 揣無 "佈滿" 的發音！ (889)
==== 警告 ==== 揣無 "佛典" 的發音！ (925)
==== 警告 ==== 揣無 "來自" 的發音！ (1000)
==== 警告 ==== 揣無 "保戶" 的發音！ (1088)
==== 警告 ==== 揣無 "保額" 的發音！ (1107)
==== 警告 ==== 揣無 "信眾" 的發音！ (1124)
==== 警告 ==== 揣無 "修法" 的發音！ (1138)
==== 警告 ==== 揣無 "做出" 的發音！ (1285)
==== 警告 ==== 揣無 "做對" 的發音！ (1294)
==== 警告 ==== 揣無 "做為" 的發音！ (1305)
==== 警告 ==== 揣無 "停損" 的發音！ (1330)
==== 警告 ==== 揣無 "傳來" 的發音！ (1395)
==== 警告 ==== 揣無 "傳出" 的發音！ (1396)
==== 警告 ==== 揣無 "傳回" 的發音！ (1398)
==== 警告 ==== 揣無 "傳球" 的發音！ (1407)
==== 警告 ==== 揣無 "傳藝中心" 的發音！ (1414)
==== 警告 ==== 揣無 "傷者" 的發音！ (1439)
==== 警告 ==== 揣無 "價差" 的發音！ (1470)
==== 警告 ==== 揣無 "優選" 的發音！ (1504)
==== 警告 ==== 揣無 "兇惡" 的發音！ (1539)
==== 警告 ==== 揣無 "兇手" 的發音！ (1540)
==== 警告 ==== 揣無 "入主" 的發音！ (1590)
==== 警告 ==== 揣無 "內褲" 的發音！ (1648)
==== 警告 ==== 揣無 "全委會" 的發音！ (1659)
==== 警告 ==== 揣無 "全文" 的發音！ (1661)
==== 警告 ==== 揣無 "公佈" 的發音！ (1693)
==== 警告 ==== 揣無 "公厘" 的發音！ (1701)
==== 警告 ==== 揣無 "公投" 的發音！ (1720)
==== 警告 ==== 揣無 "出刊" 的發音！ (1913)
==== 警告 ==== 揣無 "出團" 的發音！ (1923)
==== 警告 ==== 揣無 "出風口" 的發音！ (1974)
==== 警告 ==== 揣無 "分佈" 的發音！ (1999)
==== 警告 ==== 揣無 "切開" 的發音！ (2048)
==== 警告 ==== 揣無 "列出" 的發音！ (2064)
==== 警告 ==== 揣無 "初學者" 的發音！ (2073)
==== 警告 ==== 揣無 "副總" 的發音！ (2222)
==== 警告 ==== 揣無 "加上" 的發音！ (2300)
==== 警告 ==== 揣無 "加分" 的發音！ (2303)
==== 警告 ==== 揣無 "北美" 的發音！ (2476)
==== 警告 ==== 揣無 "北美洲" 的發音！ (2477)
==== 警告 ==== 揣無 "北美館" 的發音！ (2478)
==== 警告 ==== 揣無 "匯入" 的發音！ (2485)
==== 警告 ==== 揣無 "匯出" 的發音！ (2486)
==== 警告 ==== 揣無 "區長" 的發音！ (2503)
==== 警告 ==== 揣無 "半年" 的發音！ (2559)
==== 警告 ==== 揣無 "南區" 的發音！ (2604)
==== 警告 ==== 揣無 "占有率" 的發音！ (2624)
==== 警告 ==== 揣無 "原創" 的發音！ (2725)
==== 警告 ==== 揣無 "原廠" 的發音！ (2736)
==== 警告 ==== 揣無 "原訂" 的發音！ (2752)
==== 警告 ==== 揣無 "參訪" 的發音！ (2779)
==== 警告 ==== 揣無 "受害者" 的發音！ (2850)
==== 警告 ==== 揣無 "受託人" 的發音！ (2859)
==== 警告 ==== 揣無 "口譯" 的發音！ (2880)
==== 警告 ==== 揣無 "台斤" 的發音！ (2954)
==== 警告 ==== 揣無 "台詞" 的發音！ (2955)
==== 警告 ==== 揣無 "台長" 的發音！ (2956)
==== 警告 ==== 揣無 "各地" 的發音！ (2976)
==== 警告 ==== 揣無 "合輯" 的發音！ (3004)
==== 警告 ==== 揣無 "名條" 的發音！ (3059)
==== 警告 ==== 揣無 "吧台" 的發音！ (3108)
==== 警告 ==== 揣無 "呧" 的發音！ (3157)
==== 警告 ==== 揣無 "周刊" 的發音！ (3160)
==== 警告 ==== 揣無 "咾" 的發音！ (3251)
==== 警告 ==== 揣無 "唱出" 的發音！ (3327)
==== 警告 ==== 揣無 "唱法" 的發音！ (3329)
==== 警告 ==== 揣無 "商機" 的發音！ (3351)
==== 警告 ==== 揣無 "善惡" 的發音！ (3397)
==== 警告 ==== 揣無 "單曲" 的發音！ (3477)
==== 警告 ==== 揣無 "噴墨" 的發音！ (3559)
==== 警告 ==== 揣無 "噷" 的發音！ (3565)
==== 警告 ==== 揣無 "四輪" 的發音！ (3624)
==== 警告 ==== 揣無 "國內外" 的發音！ (3705)
==== 警告 ==== 揣無 "國安會" 的發音！ (3710)
==== 警告 ==== 揣無 "國府" 的發音！ (3714)
==== 警告 ==== 揣無 "國發會" 的發音！ (3734)
==== 警告 ==== 揣無 "國賠" 的發音！ (3740)
==== 警告 ==== 揣無 "團費" 的發音！ (3787)
==== 警告 ==== 揣無 "地名" 的發音！ (3842)
==== 警告 ==== 揣無 "坪數" 的發音！ (3920)
==== 警告 ==== 揣無 "外移" 的發音！ (4218)
==== 警告 ==== 揣無 "多元" 的發音！ (4234)
==== 警告 ==== 揣無 "多樣" 的發音！ (4239)
==== 警告 ==== 揣無 "夢中" 的發音！ (4262)
==== 警告 ==== 揣無 "大西洋" 的發音！ (4411)
==== 警告 ==== 揣無 "大賣場" 的發音！ (4414)
==== 警告 ==== 揣無 "大部份" 的發音！ (4421)
==== 警告 ==== 揣無 "大雨" 的發音！ (4427)
==== 警告 ==== 揣無 "天份" 的發音！ (4443)
==== 警告 ==== 揣無 "太平洋" 的發音！ (4497)
==== 警告 ==== 揣無 "奇美" 的發音！ (4568)
==== 警告 ==== 揣無 "女方" 的發音！ (4614)
==== 警告 ==== 揣無 "好用" 的發音！ (4676)
==== 警告 ==== 揣無 "姼" 的發音！ (4787)
==== 警告 ==== 揣無 "婸" 的發音！ (4842)
==== 警告 ==== 揣無 "字型" 的發音！ (4913)
==== 警告 ==== 揣無 "存取" 的發音！ (4927)
==== 警告 ==== 揣無 "學年度" 的發音！ (4993)
==== 警告 ==== 揣無 "安詳" 的發音！ (5051)
==== 警告 ==== 揣無 "定速" 的發音！ (5109)
==== 警告 ==== 揣無 "客源" 的發音！ (5127)
==== 警告 ==== 揣無 "客語" 的發音！ (5131)
==== 警告 ==== 揣無 "家扶" 的發音！ (5186)
==== 警告 ==== 揣無 "寬頻" 的發音！ (5317)
==== 警告 ==== 揣無 "對外" 的發音！ (5406)
==== 警告 ==== 揣無 "小島" 的發音！ (5470)
==== 警告 ==== 揣無 "小鎮" 的發音！ (5492)
==== 警告 ==== 揣無 "少將" 的發音！ (5497)
==== 警告 ==== 揣無 "少校" 的發音！ (5504)
==== 警告 ==== 揣無 "局長" 的發音！ (5578)
==== 警告 ==== 揣無 "山路" 的發音！ (5674)
==== 警告 ==== 揣無 "工商" 的發音！ (5734)
==== 警告 ==== 揣無 "工商界" 的發音！ (5735)
==== 警告 ==== 揣無 "常用" 的發音！ (5859)
==== 警告 ==== 揣無 "平台" 的發音！ (5898)
==== 警告 ==== 揣無 "年份" 的發音！ (5927)
==== 警告 ==== 揣無 "廢標" 的發音！ (6064)
==== 警告 ==== 揣無 "廣電" 的發音！ (6078)
==== 警告 ==== 揣無 "引入" 的發音！ (6129)
==== 警告 ==== 揣無 "彩妝" 的發音！ (6206)
==== 警告 ==== 揣無 "彰顯" 的發音！ (6214)
==== 警告 ==== 揣無 "影音" 的發音！ (6229)
==== 警告 ==== 揣無 "後台" 的發音！ (6278)
==== 警告 ==== 揣無 "後者" 的發音！ (6304)
==== 警告 ==== 揣無 "心目中" 的發音！ (6418)
==== 警告 ==== 揣無 "性愛" 的發音！ (6526)
==== 警告 ==== 揣無 "怪怪" 的發音！ (6543)
==== 警告 ==== 揣無 "情份" 的發音！ (6609)
==== 警告 ==== 揣無 "情治" 的發音！ (6620)
==== 警告 ==== 揣無 "想起" 的發音！ (6671)
==== 警告 ==== 揣無 "意涵" 的發音！ (6693)
==== 警告 ==== 揣無 "憢" 的發音！ (6808)
==== 警告 ==== 揣無 "成份" 的發音！ (6896)
==== 警告 ==== 揣無 "成為" 的發音！ (6912)
==== 警告 ==== 揣無 "戰後" 的發音！ (6948)
==== 警告 ==== 揣無 "戶數" 的發音！ (6985)
==== 警告 ==== 揣無 "房市" 的發音！ (6998)
==== 警告 ==== 揣無 "所致" 的發音！ (7008)
==== 警告 ==== 揣無 "手中" 的發音！ (7022)
==== 警告 ==== 揣無 "手動" 的發音！ (7024)
==== 警告 ==== 揣無 "投球" 的發音！ (7216)
==== 警告 ==== 揣無 "抽出" 的發音！ (7259)
==== 警告 ==== 揣無 "抽脂" 的發音！ (7266)
==== 警告 ==== 揣無 "拉丁" 的發音！ (7328)
==== 警告 ==== 揣無 "持有" 的發音！ (7492)
==== 警告 ==== 揣無 "持股" 的發音！ (7493)
==== 警告 ==== 揣無 "排出" 的發音！ (7688)
==== 警告 ==== 揣無 "排水" 的發音！ (7695)
==== 警告 ==== 揣無 "接單" 的發音！ (7769)
==== 警告 ==== 揣無 "控管" 的發音！ (7792)
==== 警告 ==== 揣無 "摩西" 的發音！ (7994)
==== 警告 ==== 揣無 "收件" 的發音！ (8195)
==== 警告 ==== 揣無 "政戰" 的發音！ (8319)
==== 警告 ==== 揣無 "救贖" 的發音！ (8365)
==== 警告 ==== 揣無 "教廷" 的發音！ (8391)
==== 警告 ==== 揣無 "教改" 的發音！ (8393)
==== 警告 ==== 揣無 "教科文" 的發音！ (8399)
==== 警告 ==== 揣無 "教職" 的發音！ (8402)
==== 警告 ==== 揣無 "散佈" 的發音！ (8420)
==== 警告 ==== 揣無 "新增" 的發音！ (8561)
==== 警告 ==== 揣無 "新舊" 的發音！ (8579)
==== 警告 ==== 揣無 "斷訊" 的發音！ (8596)
==== 警告 ==== 揣無 "日商" 的發音！ (8647)
==== 警告 ==== 揣無 "日式" 的發音！ (8651)
==== 警告 ==== 揣無 "日產" 的發音！ (8660)
==== 警告 ==== 揣無 "春夏" 的發音！ (8731)
==== 警告 ==== 揣無 "時報" 的發音！ (8762)
==== 警告 ==== 揣無 "會勘" 的發音！ (8940)
==== 警告 ==== 揣無 "月份" 的發音！ (8974)
==== 警告 ==== 揣無 "月台" 的發音！ (8986)
==== 警告 ==== 揣無 "月租費" 的發音！ (8996)
==== 警告 ==== 揣無 "有志" 的發音！ (9020)
==== 警告 ==== 揣無 "有線" 的發音！ (9040)
==== 警告 ==== 揣無 "林務局" 的發音！ (9221)
==== 警告 ==== 揣無 "查出" 的發音！ (9284)
==== 警告 ==== 揣無 "柫" 的發音！ (9310)
==== 警告 ==== 揣無 "核武" 的發音！ (9368)
==== 警告 ==== 揣無 "桌巾" 的發音！ (9403)
==== 警告 ==== 揣無 "樂手" 的發音！ (9616)
==== 警告 ==== 揣無 "樂界" 的發音！ (9619)
==== 警告 ==== 揣無 "橂" 的發音！ (9689)
==== 警告 ==== 揣無 "機型" 的發音！ (9706)
==== 警告 ==== 揣無 "機種" 的發音！ (9717)
==== 警告 ==== 揣無 "機身" 的發音！ (9720)
==== 警告 ==== 揣無 "檢調" 的發音！ (9751)
==== 警告 ==== 揣無 "檢警" 的發音！ (9752)
==== 警告 ==== 揣無 "檫" 的發音！ (9759)
==== 警告 ==== 揣無 "櫃台" 的發音！ (9769)
==== 警告 ==== 揣無 "欄位" 的發音！ (9782)
==== 警告 ==== 揣無 "歐盟" 的發音！ (9872)
==== 警告 ==== 揣無 "步入" 的發音！ (9927)
==== 警告 ==== 揣無 "武林" 的發音！ (9940)
==== 警告 ==== 揣無 "死去" 的發音！ (10026)
==== 警告 ==== 揣無 "死海" 的發音！ (10040)
==== 警告 ==== 揣無 "殖民者" 的發音！ (10071)
==== 警告 ==== 揣無 "殺人" 的發音！ (10088)
==== 警告 ==== 揣無 "毛利率" 的發音！ (10177)
==== 警告 ==== 揣無 "民政局" 的發音！ (10208)
==== 警告 ==== 揣無 "民航局" 的發音！ (10217)
==== 警告 ==== 揣無 "民調" 的發音！ (10218)
==== 警告 ==== 揣無 "水份" 的發音！ (10252)
==== 警告 ==== 揣無 "水底" 的發音！ (10264)
==== 警告 ==== 揣無 "污" 的發音！ (10354)
==== 警告 ==== 揣無 "決標" 的發音！ (10366)
==== 警告 ==== 揣無 "沙畫" 的發音！ (10410)
==== 警告 ==== 揣無 "沢" 的發音！ (10416)
==== 警告 ==== 揣無 "油桐花" 的發音！ (10431)
==== 警告 ==== 揣無 "油菜花" 的發音！ (10447)
==== 警告 ==== 揣無 "注入" 的發音！ (10519)
==== 警告 ==== 揣無 "流入" 的發音！ (10590)
==== 警告 ==== 揣無 "流動率" 的發音！ (10594)
==== 警告 ==== 揣無 "流向" 的發音！ (10595)
==== 警告 ==== 揣無 "流感" 的發音！ (10598)
==== 警告 ==== 揣無 "海內外" 的發音！ (10651)
==== 警告 ==== 揣無 "深層" 的發音！ (10787)
==== 警告 ==== 揣無 "深色" 的發音！ (10796)
==== 警告 ==== 揣無 "清代" 的發音！ (10823)
==== 警告 ==== 揣無 "清運" 的發音！ (10853)
==== 警告 ==== 揣無 "清飯" 的發音！ (10858)
==== 警告 ==== 揣無 "港區" 的發音！ (10884)
==== 警告 ==== 揣無 "湖面" 的發音！ (10897)
==== 警告 ==== 揣無 "溪水" 的發音！ (10941)
==== 警告 ==== 揣無 "溼地" 的發音！ (10958)
==== 警告 ==== 揣無 "溼度" 的發音！ (10959)
==== 警告 ==== 揣無 "溼疹" 的發音！ (10961)
==== 警告 ==== 揣無 "漢聲" 的發音！ (11067)
==== 警告 ==== 揣無 "為主" 的發音！ (11275)
==== 警告 ==== 揣無 "無線" 的發音！ (11472)
==== 警告 ==== 揣無 "熱舞" 的發音！ (11609)
==== 警告 ==== 揣無 "片廠" 的發音！ (11721)
==== 警告 ==== 揣無 "特首" 的發音！ (11825)
==== 警告 ==== 揣無 "獎助金" 的發音！ (11947)
==== 警告 ==== 揣無 "獎項" 的發音！ (11954)
==== 警告 ==== 揣無 "現有" 的發音！ (12029)
==== 警告 ==== 揣無 "球友" 的發音！ (12040)
==== 警告 ==== 揣無 "球團" 的發音！ (12042)
==== 警告 ==== 揣無 "球季" 的發音！ (12044)
==== 警告 ==== 揣無 "球類" 的發音！ (12053)
==== 警告 ==== 揣無 "畫筆" 的發音！ (12334)
==== 警告 ==== 揣無 "畫質" 的發音！ (12338)
==== 警告 ==== 揣無 "當紅" 的發音！ (12368)
==== 警告 ==== 揣無 "疫情" 的發音！ (12396)
==== 警告 ==== 揣無 "病史" 的發音！ (12420)
==== 警告 ==== 揣無 "登機" 的發音！ (12536)
==== 警告 ==== 揣無 "發佈" 的發音！ (12541)
==== 警告 ==== 揣無 "百科" 的發音！ (12657)
==== 警告 ==== 揣無 "皮椅" 的發音！ (12680)
==== 警告 ==== 揣無 "監理" 的發音！ (12725)
==== 警告 ==== 揣無 "直選" 的發音！ (12791)
==== 警告 ==== 揣無 "真愛" 的發音！ (12930)
==== 警告 ==== 揣無 "眾神" 的發音！ (12967)
==== 警告 ==== 揣無 "睭" 的發音！ (12988)
==== 警告 ==== 揣無 "石板" 的發音！ (13045)
==== 警告 ==== 揣無 "硓" 的發音！ (13119)
==== 警告 ==== 揣無 "碎片" 的發音！ (13157)
==== 警告 ==== 揣無 "碖" 的發音！ (13163)
==== 警告 ==== 揣無 "磟" 的發音！ (13212)
==== 警告 ==== 揣無 "社教館" 的發音！ (13248)
==== 警告 ==== 揣無 "禁用" 的發音！ (13334)
==== 警告 ==== 揣無 "福壽螺" 的發音！ (13341)
==== 警告 ==== 揣無 "私密" 的發音！ (13382)
==== 警告 ==== 揣無 "私校" 的發音！ (13386)
==== 警告 ==== 揣無 "秋冬" 的發音！ (13391)
==== 警告 ==== 揣無 "租車" 的發音！ (13407)
==== 警告 ==== 揣無 "秪" 的發音！ (13420)
==== 警告 ==== 揣無 "秮" 的發音！ (13424)
==== 警告 ==== 揣無 "移師" 的發音！ (13430)
==== 警告 ==== 揣無 "稀罕" 的發音！ (13437)
==== 警告 ==== 揣無 "空服" 的發音！ (13519)
==== 警告 ==== 揣無 "立院" 的發音！ (13588)
==== 警告 ==== 揣無 "笑聲" 的發音！ (13650)
==== 警告 ==== 揣無 "笒" 的發音！ (13657)
==== 警告 ==== 揣無 "第四台" 的發音！ (13674)
==== 警告 ==== 揣無 "籃板" 的發音！ (13850)
==== 警告 ==== 揣無 "粅" 的發音！ (13906)
==== 警告 ==== 揣無 "系所" 的發音！ (14048)
==== 警告 ==== 揣無 "約診" 的發音！ (14066)
==== 警告 ==== 揣無 "紙盒" 的發音！ (14148)
==== 警告 ==== 揣無 "組別" 的發音！ (14229)
==== 警告 ==== 揣無 "經建會" 的發音！ (14297)
==== 警告 ==== 揣無 "綜藝" 的發音！ (14315)
==== 警告 ==== 揣無 "網域" 的發音！ (14339)
==== 警告 ==== 揣無 "網際" 的發音！ (14344)
==== 警告 ==== 揣無 "緣份" 的發音！ (14393)
==== 警告 ==== 揣無 "編舞" 的發音！ (14404)
==== 警告 ==== 揣無 "編譯館" 的發音！ (14407)
==== 警告 ==== 揣無 "縒" 的發音！ (14420)
==== 警告 ==== 揣無 "縣市" 的發音！ (14428)
==== 警告 ==== 揣無 "縣政" 的發音！ (14430)
==== 警告 ==== 揣無 "總價" 的發音！ (14445)
==== 警告 ==== 揣無 "總隊" 的發音！ (14467)
==== 警告 ==== 揣無 "羅馬字" 的發音！ (14578)
==== 警告 ==== 揣無 "羊肉" 的發音！ (14587)
==== 警告 ==== 揣無 "美方" 的發音！ (14608)
==== 警告 ==== 揣無 "美洲" 的發音！ (14610)
==== 警告 ==== 揣無 "美籍" 的發音！ (14612)
==== 警告 ==== 揣無 "美編" 的發音！ (14613)
==== 警告 ==== 揣無 "美規" 的發音！ (14616)
==== 警告 ==== 揣無 "美軍" 的發音！ (14618)
==== 警告 ==== 揣無 "耶誕" 的發音！ (14784)
==== 警告 ==== 揣無 "聖嬰" 的發音！ (14790)
==== 警告 ==== 揣無 "聘約" 的發音！ (14802)
==== 警告 ==== 揣無 "聯席會" 的發音！ (14814)
==== 警告 ==== 揣無 "職災" 的發音！ (14850)
==== 警告 ==== 揣無 "職缺" 的發音！ (14852)
==== 警告 ==== 揣無 "職訓" 的發音！ (14854)
==== 警告 ==== 揣無 "肉品" 的發音！ (14882)
==== 警告 ==== 揣無 "肉類" 的發音！ (14906)
==== 警告 ==== 揣無 "肝病" 的發音！ (14926)
==== 警告 ==== 揣無 "肨" 的發音！ (14948)
==== 警告 ==== 揣無 "肺部" 的發音！ (14969)
==== 警告 ==== 揣無 "胃藥" 的發音！ (14978)
==== 警告 ==== 揣無 "胴" 的發音！ (15010)
==== 警告 ==== 揣無 "胸前" 的發音！ (15012)
==== 警告 ==== 揣無 "脫衣舞" 的發音！ (15036)
==== 警告 ==== 揣無 "脽" 的發音！ (15050)
==== 警告 ==== 揣無 "腸病毒" 的發音！ (15101)
==== 警告 ==== 揣無 "膁" 的發音！ (15115)
==== 警告 ==== 揣無 "膚質" 的發音！ (15125)
==== 警告 ==== 揣無 "臺海" 的發音！ (15281)
==== 警告 ==== 揣無 "臺鐵" 的發音！ (15284)
==== 警告 ==== 揣無 "舉出" 的發音！ (15308)
==== 警告 ==== 揣無 "舞男" 的發音！ (15339)
==== 警告 ==== 揣無 "航站" 的發音！ (15350)
==== 警告 ==== 揣無 "艚" 的發音！ (15372)
==== 警告 ==== 揣無 "芭蕾" 的發音！ (15424)
==== 警告 ==== 揣無 "花店" 的發音！ (15430)
==== 警告 ==== 揣無 "英吋" 的發音！ (15510)
==== 警告 ==== 揣無 "英商" 的發音！ (15511)
==== 警告 ==== 揣無 "苳" 的發音！ (15519)
==== 警告 ==== 揣無 "荖" 的發音！ (15617)
==== 警告 ==== 揣無 "落入" 的發音！ (15758)
==== 警告 ==== 揣無 "蓪" 的發音！ (15875)
==== 警告 ==== 揣無 "蕗" 的發音！ (15910)
==== 警告 ==== 揣無 "蚻" 的發音！ (16092)
==== 警告 ==== 揣無 "蜅" 的發音！ (16117)
==== 警告 ==== 揣無 "螕" 的發音！ (16166)
==== 警告 ==== 揣無 "蟧" 的發音！ (16182)
==== 警告 ==== 揣無 "蠘" 的發音！ (16216)
==== 警告 ==== 揣無 "衛教" 的發音！ (16297)
==== 警告 ==== 揣無 "衛浴" 的發音！ (16299)
==== 警告 ==== 揣無 "補繳" 的發音！ (16429)
==== 警告 ==== 揣無 "製播" 的發音！ (16454)
==== 警告 ==== 揣無 "製法" 的發音！ (16455)
==== 警告 ==== 揣無 "西區" 的發音！ (16507)
==== 警告 ==== 揣無 "西岸" 的發音！ (16510)
==== 警告 ==== 揣無 "西進" 的發音！ (16524)
==== 警告 ==== 揣無 "親和" 的發音！ (16601)
==== 警告 ==== 揣無 "親子" 的發音！ (16608)
==== 警告 ==== 揣無 "觀想" 的發音！ (16636)
==== 警告 ==== 揣無 "詐領" 的發音！ (16791)
==== 警告 ==== 揣無 "試射" 的發音！ (16811)
==== 警告 ==== 揣無 "詩作" 的發音！ (16824)
==== 警告 ==== 揣無 "語義" 的發音！ (16889)
==== 警告 ==== 揣無 "談起" 的發音！ (16946)
==== 警告 ==== 揣無 "證交所" 的發音！ (17057)
==== 警告 ==== 揣無 "警力" 的發音！ (17072)
==== 警告 ==== 揣無 "警匪" 的發音！ (17073)
==== 警告 ==== 揣無 "警廣" 的發音！ (17081)
==== 警告 ==== 揣無 "警方" 的發音！ (17084)
==== 警告 ==== 揣無 "警消" 的發音！ (17085)
==== 警告 ==== 揣無 "警界" 的發音！ (17086)
==== 警告 ==== 揣無 "警長" 的發音！ (17090)
==== 警告 ==== 揣無 "護膚" 的發音！ (17118)
==== 警告 ==== 揣無 "變做" 的發音！ (17132)
==== 警告 ==== 揣無 "豍" 的發音！ (17208)
==== 警告 ==== 揣無 "豚母" 的發音！ (17218)
==== 警告 ==== 揣無 "財稅" 的發音！ (17306)
==== 警告 ==== 揣無 "買進" 的發音！ (17373)
==== 警告 ==== 揣無 "賞畫" 的發音！ (17430)
==== 警告 ==== 揣無 "賣出" 的發音！ (17442)
==== 警告 ==== 揣無 "賣掉" 的發音！ (17445)
==== 警告 ==== 揣無 "購併" 的發音！ (17470)
==== 警告 ==== 揣無 "贏球" 的發音！ (17487)
==== 警告 ==== 揣無 "超市" 的發音！ (17605)
==== 警告 ==== 揣無 "趕往" 的發音！ (17622)
==== 警告 ==== 揣無 "跳樓" 的發音！ (17743)
==== 警告 ==== 揣無 "踏入" 的發音！ (17764)
==== 警告 ==== 揣無 "踏出" 的發音！ (17765)
==== 警告 ==== 揣無 "身份" 的發音！ (17820)
==== 警告 ==== 揣無 "身為" 的發音！ (17829)
==== 警告 ==== 揣無 "車價" 的發音！ (17850)
==== 警告 ==== 揣無 "車商" 的發音！ (17852)
==== 警告 ==== 揣無 "車型" 的發音！ (17854)
==== 警告 ==== 揣無 "車展" 的發音！ (17855)
==== 警告 ==== 揣無 "車款" 的發音！ (17867)
==== 警告 ==== 揣無 "車殼" 的發音！ (17868)
==== 警告 ==== 揣無 "車況" 的發音！ (17870)
==== 警告 ==== 揣無 "車窗" 的發音！ (17876)
==== 警告 ==== 揣無 "車迷" 的發音！ (17884)
==== 警告 ==== 揣無 "車頂" 的發音！ (17889)
==== 警告 ==== 揣無 "軍方" 的發音！ (17904)
==== 警告 ==== 揣無 "載入" 的發音！ (17940)
==== 警告 ==== 揣無 "輕型" 的發音！ (17953)
==== 警告 ==== 揣無 "輕輕鬆鬆" 的發音！ (17962)
==== 警告 ==== 揣無 "農委會" 的發音！ (18078)
==== 警告 ==== 揣無 "迌" 的發音！ (18089)
==== 警告 ==== 揣無 "送醫" 的發音！ (18185)
==== 警告 ==== 揣無 "透天" 的發音！ (18205)
==== 警告 ==== 揣無 "這時" 的發音！ (18237)
==== 警告 ==== 揣無 "這種" 的發音！ (18239)
==== 警告 ==== 揣無 "連動" 的發音！ (18294)
==== 警告 ==== 揣無 "週邊" 的發音！ (18318)
==== 警告 ==== 揣無 "遊輪" 的發音！ (18356)
==== 警告 ==== 揣無 "運勢" 的發音！ (18362)
==== 警告 ==== 揣無 "運鈔車" 的發音！ (18376)
==== 警告 ==== 揣無 "遍佈" 的發音！ (18378)
==== 警告 ==== 揣無 "過份" 的發音！ (18380)
==== 警告 ==== 揣無 "遷入" 的發音！ (18497)
==== 警告 ==== 揣無 "選出" 的發音！ (18501)
==== 警告 ==== 揣無 "選單" 的發音！ (18504)
==== 警告 ==== 揣無 "選項" 的發音！ (18516)
==== 警告 ==== 揣無 "部編本" 的發音！ (18567)
==== 警告 ==== 揣無 "配股" 的發音！ (18618)
==== 警告 ==== 揣無 "醫界" 的發音！ (18677)
==== 警告 ==== 揣無 "重來" 的發音！ (18700)
==== 警告 ==== 揣無 "重劃區" 的發音！ (18704)
==== 警告 ==== 揣無 "野台戲" 的發音！ (18739)
==== 警告 ==== 揣無 "野狼" 的發音！ (18745)
==== 警告 ==== 揣無 "金主" 的發音！ (18760)
==== 警告 ==== 揣無 "金曲" 的發音！ (18776)
==== 警告 ==== 揣無 "鈗" 的發音！ (18845)
==== 警告 ==== 揣無 "銅環" 的發音！ (18892)
==== 警告 ==== 揣無 "鋼釘" 的發音！ (18933)
==== 警告 ==== 揣無 "鎮民" 的發音！ (19000)
==== 警告 ==== 揣無 "鐵鍤" 的發音！ (19045)
==== 警告 ==== 揣無 "長桌" 的發音！ (19091)
==== 警告 ==== 揣無 "長裙" 的發音！ (19100)
==== 警告 ==== 揣無 "長褲" 的發音！ (19101)
==== 警告 ==== 揣無 "門號" 的發音！ (19121)
==== 警告 ==== 揣無 "開門" 的發音！ (19197)
==== 警告 ==== 揣無 "院區" 的發音！ (19366)
==== 警告 ==== 揣無 "院會" 的發音！ (19368)
==== 警告 ==== 揣無 "院校" 的發音！ (19369)
==== 警告 ==== 揣無 "除了" 的發音！ (19379)
==== 警告 ==== 揣無 "陸委會" 的發音！ (19414)
==== 警告 ==== 揣無 "雅房" 的發音！ (19486)
==== 警告 ==== 揣無 "雙人" 的發音！ (19508)
==== 警告 ==== 揣無 "雙腿" 的發音！ (19520)
==== 警告 ==== 揣無 "雙門" 的發音！ (19524)
==== 警告 ==== 揣無 "雞排" 的發音！ (19559)
==== 警告 ==== 揣無 "雞精" 的發音！ (19571)
==== 警告 ==== 揣無 "雞肉" 的發音！ (19574)
==== 警告 ==== 揣無 "電台" 的發音！ (19649)
==== 警告 ==== 揣無 "靜音" 的發音！ (19765)
==== 警告 ==== 揣無 "面膜" 的發音！ (19804)
==== 警告 ==== 揣無 "音樂聲" 的發音！ (19845)
==== 警告 ==== 揣無 "順行" 的發音！ (19908)
==== 警告 ==== 揣無 "頒佈" 的發音！ (19934)
==== 警告 ==== 揣無 "領標" 的發音！ (19957)
==== 警告 ==== 揣無 "頻寬" 的發音！ (20029)
==== 警告 ==== 揣無 "類股" 的發音！ (20056)
==== 警告 ==== 揣無 "飛安" 的發音！ (20146)
==== 警告 ==== 揣無 "食材" 的發音！ (20176)
==== 警告 ==== 揣無 "飲品" 的發音！ (20252)
==== 警告 ==== 揣無 "飲用水" 的發音！ (20255)
==== 警告 ==== 揣無 "養份" 的發音！ (20283)
==== 警告 ==== 揣無 "養樂多" 的發音！ (20287)
==== 警告 ==== 揣無 "骱" 的發音！ (20440)
==== 警告 ==== 揣無 "體內" 的發音！ (20449)
==== 警告 ==== 揣無 "體委會" 的發音！ (20453)
==== 警告 ==== 揣無 "體悟" 的發音！ (20454)
==== 警告 ==== 揣無 "高層" 的發音！ (20477)
==== 警告 ==== 揣無 "高架" 的發音！ (20481)
==== 警告 ==== 揣無 "高樓" 的發音！ (20482)
==== 警告 ==== 揣無 "魩" 的發音！ (20601)
==== 警告 ==== 揣無 "魽" 的發音！ (20608)
==== 警告 ==== 揣無 "鮕" 的發音！ (20611)
==== 警告 ==== 揣無 "鮘" 的發音！ (20613)
==== 警告 ==== 揣無 "鯮" 的發音！ (20631)
==== 警告 ==== 揣無 "鰇" 的發音！ (20636)
==== 警告 ==== 揣無 "鰗" 的發音！ (20641)
==== 警告 ==== 揣無 "鰡" 的發音！ (20643)
==== 警告 ==== 揣無 "鱙" 的發音！ (20658)
==== 警告 ==== 揣無 "鱲" 的發音！ (20663)
==== 警告 ==== 揣無 "鹽份" 的發音！ (20778)
==== 警告 ==== 揣無 "麶" 的發音！ (20822)
==== 警告 ==== 揣無 "黃絲帶" 的發音！ (20850)
==== 警告 ==== 揣無 "點點滴滴" 的發音！ (20892)
==== 警告 ==== 揣無 "黨工" 的發音！ (20897)
==== 警告 ==== 揣無 "黨政" 的發音！ (20898)
==== 警告 ==== 揣無 "黨職" 的發音！ (20903)
==== 警告 ==== 揣無 "齻" 的發音！ (20977)
==== 警告 ==== 揣無 "𣮈" 的發音！ (21031)
==== 警告 ==== 揣無 "𤺅" 的發音！ (21045)
==== 警告 ==== 揣無 "𥑮" 的發音！ (21053)
==== 警告 ==== 揣無 "𦉎" 的發音！ (21060)
==== 警告 ==== 揣無 "𦟪" 的發音！ (21063)
==== 警告 ==== 揣無 "𧌄" 的發音！ (21065)
==== 警告 ==== 揣無 "𧿳" 的發音！ (21070)
==== 警告 ==== 揣無 "𨑨" 的發音！ (21075)
==== 警告 ==== 揣無 "𩸶" 的發音！ (21092)
==== 警告 ==== 揣無 "𰣻" 的發音！ (21119)
